<?xml version="1.0" encoding="UTF-8"?>
<!-- Generated by org.testng.reporters.JUnitReportReporter -->
<testsuite skipped="0" hostname="RAGHAVENDRA" name="seleniumbasics.BootstrapDD" tests="1" failures="0" timestamp="13 Mar 2019 10:59:26 GMT" time="24.293" errors="0">
  <testcase name="selectDD" time="24.293" classname="seleniumbasics.BootstrapDD"/>
</testsuite> <!-- seleniumbasics.BootstrapDD -->
