<?xml version="1.0" encoding="UTF-8"?>
<!-- Generated by org.testng.reporters.JUnitReportReporter -->
<testsuite skipped="0" hostname="RAGHAVENDRA" name="javascriptexe.Demo1" tests="1" failures="0" timestamp="09 Apr 2019 14:05:09 GMT" time="7.532" errors="0">
  <testcase name="scrollintoView" time="7.532" classname="javascriptexe.Demo1"/>
</testsuite> <!-- javascriptexe.Demo1 -->
