<?xml version="1.0" encoding="UTF-8"?>
<!-- Generated by org.testng.reporters.JUnitReportReporter -->
<testsuite skipped="0" hostname="RAGHAVENDRA" name="seleniumbasics.DropDown" tests="1" failures="0" timestamp="11 Mar 2019 13:21:41 GMT" time="5.775" errors="0">
  <testcase name="selectDDValues" time="5.775" classname="seleniumbasics.DropDown"/>
</testsuite> <!-- seleniumbasics.DropDown -->
