<?xml version="1.0" encoding="UTF-8"?>
<!-- Generated by org.testng.reporters.JUnitReportReporter -->
<testsuite skipped="0" hostname="RAGHAVENDRA" name="seleniumbasics.FindElements" tests="1" failures="0" timestamp="12 Mar 2019 12:36:26 GMT" time="7.842" errors="0">
  <testcase name="findRElements" time="7.842" classname="seleniumbasics.FindElements"/>
</testsuite> <!-- seleniumbasics.FindElements -->
