<?xml version="1.0" encoding="UTF-8"?>
<!-- Generated by org.testng.reporters.JUnitReportReporter -->
<testsuite skipped="0" hostname="RAGHAVENDRA" name="seleniumbasics.Amazon1" tests="1" failures="0" timestamp="13 Mar 2019 11:26:00 GMT" time="15.402" errors="0">
  <testcase name="amazon1" time="15.402" classname="seleniumbasics.Amazon1"/>
</testsuite> <!-- seleniumbasics.Amazon1 -->
