<?xml version="1.0" encoding="UTF-8"?>
<!-- Generated by org.testng.reporters.JUnitReportReporter -->
<testsuite skipped="0" hostname="RAGHAVENDRA" name="seleniumbasics.ToolTiptext" tests="1" failures="0" timestamp="12 Mar 2019 13:50:02 GMT" time="7.230" errors="0">
  <testcase name="toolTipTest" time="7.230" classname="seleniumbasics.ToolTiptext"/>
</testsuite> <!-- seleniumbasics.ToolTiptext -->
