<?xml version="1.0" encoding="UTF-8"?>
<!-- Generated by org.testng.reporters.JUnitReportReporter -->
<testsuite skipped="0" hostname="RAGHAVENDRA" name="javascriptexe.Scrollintoview" tests="1" failures="0" timestamp="26 Aug 2019 13:18:46 GMT" time="10.086" errors="0">
  <testcase name="scrollintoView" time="10.086" classname="javascriptexe.Scrollintoview"/>
</testsuite> <!-- javascriptexe.Scrollintoview -->
