<?xml version="1.0" encoding="UTF-8"?>
<!-- Generated by org.testng.reporters.JUnitReportReporter -->
<testsuite skipped="0" hostname="RAGHAVENDRA" name="seleniumbasics.ToolTip1" tests="1" failures="0" timestamp="12 Mar 2019 14:20:13 GMT" time="10.336" errors="0">
  <testcase name="toolTipTest1" time="10.336" classname="seleniumbasics.ToolTip1"/>
</testsuite> <!-- seleniumbasics.ToolTip1 -->
